#
# A fatal error has been detected by the Java Runtime Environment:
#
#  SIGSEGV (0xb) at pc=0x000000011014ec11, pid=73067, tid=16899
#
# JRE version: Java(TM) SE Runtime Environment (9.0+181) (build 9+181)
# Java VM: Java HotSpot(TM) 64-Bit Server VM (9+181, mixed mode, tiered, compressed oops, g1 gc, bsd-amd64)
# Problematic frame:
# V  [libjvm.dylib+0x34ec11]  GenerateOopMap::bb_mark_fct(GenerateOopMap*, int, int*)+0x19
#
# No core dump will be written. Core dumps have been disabled. To enable core dumping, try "ulimit -c unlimited" before starting Java again
#
# If you would like to submit a bug report, please visit:
#   http://bugreport.java.com/bugreport/crash.jsp
#

---------------  S U M M A R Y ------------

Command Line: -agentlib:jdwp=transport=dt_socket,address=127.0.0.1:50541,suspend=y,server=n -Dfile.encoding=UTF-8 programmers.PlusMinus

Host: MacBookAir7,2 x86_64 1600 MHz, 4 cores, 4G, Darwin 17.0.0
Time: Sat Nov 25 16:38:32 2017 KST elapsed time: 627 seconds (0d 0h 10m 27s)

---------------  T H R E A D  ---------------

Current thread (0x00007f996a803800):  VMThread "VM Thread" [stack: 0x0000700007b63000,0x0000700007c63000] [id=16899]

Stack: [0x0000700007b63000,0x0000700007c63000],  sp=0x0000700007c62650,  free space=1021k
Native frames: (J=compiled Java code, A=aot compiled Java code, j=interpreted, Vv=VM code, C=native code)
V  [libjvm.dylib+0x34ec11]  GenerateOopMap::bb_mark_fct(GenerateOopMap*, int, int*)+0x19
V  [libjvm.dylib+0x34ee46]  GenerateOopMap::jump_targets_do(BytecodeStream*, void (*)(GenerateOopMap*, int, int*), int*)+0x90
V  [libjvm.dylib+0x34ed1d]  GenerateOopMap::mark_bbheaders_and_count_gc_points()+0xe9
V  [libjvm.dylib+0x3520a9]  GenerateOopMap::compute_map(Thread*)+0x15d
V  [libjvm.dylib+0x5e8628]  OopMapForCacheEntry::compute_map(Thread*)+0x60
V  [libjvm.dylib+0x5e8d8c]  OopMapCacheEntry::fill(methodHandle, int)+0xe0
V  [libjvm.dylib+0x5e945b]  OopMapCache::compute_one_oop_map(methodHandle const&, int, InterpreterOopMap*)+0x12b
V  [libjvm.dylib+0x5e9287]  OopMapCache::lookup(methodHandle const&, int, InterpreterOopMap*) const+0xa3
V  [libjvm.dylib+0x5b25d7]  Method::mask_for(int, InterpreterOopMap*)+0x61
V  [libjvm.dylib+0x4a6ea1]  VM_GetOrSetLocal::doit()+0x49
V  [libjvm.dylib+0x746e97]  VM_Operation::evaluate()+0x8d
V  [libjvm.dylib+0x74650c]  VMThread::evaluate_operation(VM_Operation*)+0xda
V  [libjvm.dylib+0x7461fe]  VMThread::loop()+0x2f6
V  [libjvm.dylib+0x745e29]  VMThread::run()+0x75
V  [libjvm.dylib+0x5efcd3]  thread_native_entry(Thread*)+0x12b
C  [libsystem_pthread.dylib+0x36c1]  _pthread_body+0x154
C  [libsystem_pthread.dylib+0x356d]  _pthread_body+0x0
C  [libsystem_pthread.dylib+0x2c5d]  thread_start+0xd


siginfo: si_signo: 11 (SIGSEGV), si_code: 0 (unknown), si_addr: 0x0000000000000000

Register to memory mapping:

RAX=0x00000000ffffcac8 is an unknown value
RBX=0x0000700007c62858 is an unknown value
RCX=0x00007f996a522150 is an unknown value
RDX=0x03ffffffffffff2b is an unknown value
RSP=0x0000700007c62650 is an unknown value
RBP=0x0000700007c62660 is an unknown value
RSI=0xffffffffffffcac8 is an unknown value
RDI=0x0000700007c62858 is an unknown value
R8 =0x0000000000000020 is an unknown value
R9 =0x0000000000000003 is an unknown value
R10=0x00000000fffffffe is an unknown value
R11=0x00007f996a700000 is an unknown value
R12=0x0000700007c62858 is an unknown value
R13=0x000000000000008a is an unknown value
R14=0x000000011014ebf8: _ZN14GenerateOopMap11bb_mark_fctEPS_iPi+0 in /Library/Java/JavaVirtualMachines/jdk-9.jdk/Contents/Home/lib/server/libjvm.dylib at 0x000000010fe00000
R15=0x0000000000000000 is an unknown value


Registers:
RAX=0x00000000ffffcac8, RBX=0x0000700007c62858, RCX=0x00007f996a522150, RDX=0x03ffffffffffff2b
RSP=0x0000700007c62650, RBP=0x0000700007c62660, RSI=0xffffffffffffcac8, RDI=0x0000700007c62858
R8 =0x0000000000000020, R9 =0x0000000000000003, R10=0x00000000fffffffe, R11=0x00007f996a700000
R12=0x0000700007c62858, R13=0x000000000000008a, R14=0x000000011014ebf8, R15=0x0000000000000000
RIP=0x000000011014ec11, EFLAGS=0x0000000000010a06, ERR=0x0000000000000000
  TRAPNO=0x000000000000000d

Top of Stack: (sp=0x0000700007c62650)
0x0000700007c62650:   000000012f1dca3e 0000700007c62601
0x0000700007c62660:   0000700007c626c0 000000011014ee46
0x0000700007c62670:   0000700007c626e0 00000000ffffffff
0x0000700007c62680:   0000700007c626c0 00000001103b6401
0x0000700007c62690:   000000012f1dd4f8 0000700007c626e0
0x0000700007c626a0:   0000700007c62858 0000000000000001
0x0000700007c626b0:   00000000000000a7 000000000000008a
0x0000700007c626c0:   0000700007c62740 000000011014ed1d
0x0000700007c626d0:   0000000000000000 0000000110140000
0x0000700007c626e0:   00007f996a40f4e0 000000012f1dd690
0x0000700007c626f0:   00007f996a803800 0000008d0000008a
0x0000700007c62700:   000000a7000000d0 000000a700000000
0x0000700007c62710:   2c0f6f410a6800b1 0000700007c62858
0x0000700007c62720:   00007f996a522100 0000700007c629a0
0x0000700007c62730:   00007f996a803800 00007f996a522100
0x0000700007c62740:   0000700007c627e0 00000001101520a9
0x0000700007c62750:   2c0f6f410a680000 0000000000000000
0x0000700007c62760:   000000011056c6d6 00007fffad30e600
0x0000700007c62770:   ffffffffffffffff 0000000000000000
0x0000700007c62780:   0000000000000000 00007fff73d10100
0x0000700007c62790:   0000000000000000 0000700007c62b80
0x0000700007c627a0:   0000700007c62700 0000000000000000
0x0000700007c627b0:   0000000110593e39 0000000000000000
0x0000700007c627c0:   0000700007c62858 0000700007c62848
0x0000700007c627d0:   00007f996a803800 0000700007c62858
0x0000700007c627e0:   0000700007c62830 00000001103e8628
0x0000700007c627f0:   00007f996a40f4e0 00007f996a5220a0
0x0000700007c62800:   00007f996a5220b0 00007f996a522488
0x0000700007c62810:   00000000000003d8 00007f996a7393d0
0x0000700007c62820:   0000000000000012 0000700007c62858
0x0000700007c62830:   0000700007c62990 00000001103e8d8c
0x0000700007c62840:   2c0f6f410a6800b1 000000012f1dd690 

Instructions: (pc=0x000000011014ec11)
0x000000011014ebf1:   28 5d e9 24 c2 de ff 55 48 89 e5 53 50 89 f0 48
0x000000011014ec01:   89 fb 48 63 f0 48 8b 4b 70 48 89 f2 48 c1 ea 06
0x000000011014ec11:   48 8b 0c d1 48 0f a3 c1 72 11 48 8d 7b 70 ba 01
0x000000011014ec21:   00 00 00 e8 c5 c8 de ff ff 43 6c 48 83 c4 08 5b 

VM_Operation (0x000070000857d9e8): GetOrSetLocal, mode: safepoint, requested by thread 0x00007f996b8ef000


---------------  P R O C E S S  ---------------

Java Threads: ( => current thread )
  0x00007f996a865000 JavaThread "Service Thread" daemon [_thread_blocked, id=26115, stack(0x0000700008787000,0x0000700008887000)]
  0x00007f996a864800 JavaThread "JDWP Command Reader" daemon [_thread_in_native, id=25603, stack(0x0000700008684000,0x0000700008784000)]
  0x00007f996b8f0000 JavaThread "JDWP Event Helper Thread" daemon [_thread_blocked, id=25091, stack(0x0000700008581000,0x0000700008681000)]
  0x00007f996b8ef000 JavaThread "JDWP Transport Listener: dt_socket" daemon [_thread_blocked, id=24583, stack(0x000070000847e000,0x000070000857e000)]
  0x00007f996c02a800 JavaThread "Common-Cleaner" daemon [_thread_blocked, id=24067, stack(0x000070000837b000,0x000070000847b000)]
  0x00007f996b00f000 JavaThread "Sweeper thread" daemon [_thread_blocked, id=23555, stack(0x0000700008278000,0x0000700008378000)]
  0x00007f996a81b800 JavaThread "C1 CompilerThread2" daemon [_thread_blocked, id=23043, stack(0x0000700008175000,0x0000700008275000)]
  0x00007f996b80a000 JavaThread "C2 CompilerThread1" daemon [_thread_blocked, id=22531, stack(0x0000700008072000,0x0000700008172000)]
  0x00007f996a81a800 JavaThread "C2 CompilerThread0" daemon [_thread_blocked, id=22019, stack(0x0000700007f6f000,0x000070000806f000)]
  0x00007f996c022000 JavaThread "Signal Dispatcher" daemon [_thread_blocked, id=21507, stack(0x0000700007e6c000,0x0000700007f6c000)]
  0x00007f996b001800 JavaThread "Finalizer" daemon [_thread_blocked, id=17923, stack(0x0000700007d69000,0x0000700007e69000)]
  0x00007f996a811000 JavaThread "Reference Handler" daemon [_thread_blocked, id=17411, stack(0x0000700007c66000,0x0000700007d66000)]
  0x00007f996c003000 JavaThread "main" [_thread_blocked, id=6915, stack(0x0000700006f3f000,0x000070000703f000)]

Other Threads:
=>0x00007f996a803800 VMThread "VM Thread" [stack: 0x0000700007b63000,0x0000700007c63000] [id=16899]
  0x00007f996a866000 WatcherThread [stack: 0x000070000888a000,0x000070000898a000] [id=26627]
  0x00007f996c009000 GCTaskThread "GC Thread#0" [stack: 0x0000700007042000,0x0000700007142000] [id=10755]
  0x00007f996b80b000 GCTaskThread "GC Thread#1" [stack: 0x0000700007145000,0x0000700007245000] [id=11267]
  0x00007f996b011000 GCTaskThread "GC Thread#2" [stack: 0x0000700007248000,0x0000700007348000] [id=11779]
  0x00007f996b80c000 GCTaskThread "GC Thread#3" [stack: 0x000070000734b000,0x000070000744b000] [id=12291]
  0x00007f996b823800 ConcurrentGCThread "G1 Main Marker" [stack: 0x000070000795d000,0x0000700007a5d000] [id=15363]
  0x00007f996b824800 ConcurrentGCThread "G1 Marker#0" [stack: 0x0000700007a60000,0x0000700007b60000] [id=16387]
  0x00007f996b80e800 ConcurrentGCThread "G1 Refine#0" [stack: 0x0000700007757000,0x0000700007857000] [id=14339]
  0x00007f996b80e000 ConcurrentGCThread "G1 Refine#1" [stack: 0x0000700007654000,0x0000700007754000] [id=13827]
  0x00007f996b80d000 ConcurrentGCThread "G1 Refine#2" [stack: 0x0000700007551000,0x0000700007651000] [id=13315]
  0x00007f996b80c800 ConcurrentGCThread "G1 Refine#3" [stack: 0x000070000744e000,0x000070000754e000] [id=12803]
  0x00007f996b80f800 ConcurrentGCThread "G1 Young RemSet Sampling" [stack: 0x000070000785a000,0x000070000795a000] [id=14851]

Threads with active compile tasks:

VM state:at safepoint (normal execution)

VM Mutex/Monitor currently owned by a thread:  ([mutex/lock_event])
[0x00007f996a706290] Threads_lock - owner thread: 0x00007f996a803800

Heap address: 0x0000000780000000, size: 1024 MB, Compressed Oops mode: Zero based, Oop shift amount: 3
Narrow klass base: 0x0000000000000000, Narrow klass shift: 3
Compressed class space size: 1073741824 Address: 0x00000007c0000000

Heap:
 garbage-first heap   total 65536K, used 2048K [0x0000000780000000, 0x0000000780100200, 0x00000007c0000000)
  region size 1024K, 3 young (3072K), 0 survivors (0K)
 Metaspace       used 6025K, capacity 6160K, committed 6272K, reserved 1056768K
  class space    used 514K, capacity 548K, committed 640K, reserved 1048576K
Heap Regions: E=young(eden), S=young(survivor), O=old, HS=humongous(starts), HC=humongous(continues), CS=collection set, F=free, A=archive, TS=gc time stamp, AC=allocation context, TAMS=top-at-mark-start (previous, next)
|   0|0x0000000780000000, 0x0000000780000000, 0x0000000780100000|  0%| F|  |TS  0|AC  0|TAMS 0x0000000780000000, 0x0000000780000000|
|   1|0x0000000780100000, 0x0000000780100000, 0x0000000780200000|  0%| F|  |TS  0|AC  0|TAMS 0x0000000780100000, 0x0000000780100000|
|   2|0x0000000780200000, 0x0000000780200000, 0x0000000780300000|  0%| F|  |TS  0|AC  0|TAMS 0x0000000780200000, 0x0000000780200000|
|   3|0x0000000780300000, 0x0000000780300000, 0x0000000780400000|  0%| F|  |TS  0|AC  0|TAMS 0x0000000780300000, 0x0000000780300000|
|   4|0x0000000780400000, 0x0000000780400000, 0x0000000780500000|  0%| F|  |TS  0|AC  0|TAMS 0x0000000780400000, 0x0000000780400000|
|   5|0x0000000780500000, 0x0000000780500000, 0x0000000780600000|  0%| F|  |TS  0|AC  0|TAMS 0x0000000780500000, 0x0000000780500000|
|   6|0x0000000780600000, 0x0000000780600000, 0x0000000780700000|  0%| F|  |TS  0|AC  0|TAMS 0x0000000780600000, 0x0000000780600000|
|   7|0x0000000780700000, 0x0000000780700000, 0x0000000780800000|  0%| F|  |TS  0|AC  0|TAMS 0x0000000780700000, 0x0000000780700000|
|   8|0x0000000780800000, 0x0000000780800000, 0x0000000780900000|  0%| F|  |TS  0|AC  0|TAMS 0x0000000780800000, 0x0000000780800000|
|   9|0x0000000780900000, 0x0000000780900000, 0x0000000780a00000|  0%| F|  |TS  0|AC  0|TAMS 0x0000000780900000, 0x0000000780900000|
|  10|0x0000000780a00000, 0x0000000780a00000, 0x0000000780b00000|  0%| F|  |TS  0|AC  0|TAMS 0x0000000780a00000, 0x0000000780a00000|
|  11|0x0000000780b00000, 0x0000000780b00000, 0x0000000780c00000|  0%| F|  |TS  0|AC  0|TAMS 0x0000000780b00000, 0x0000000780b00000|
|  12|0x0000000780c00000, 0x0000000780c00000, 0x0000000780d00000|  0%| F|  |TS  0|AC  0|TAMS 0x0000000780c00000, 0x0000000780c00000|
|  13|0x0000000780d00000, 0x0000000780d00000, 0x0000000780e00000|  0%| F|  |TS  0|AC  0|TAMS 0x0000000780d00000, 0x0000000780d00000|
|  14|0x0000000780e00000, 0x0000000780e00000, 0x0000000780f00000|  0%| F|  |TS  0|AC  0|TAMS 0x0000000780e00000, 0x0000000780e00000|
|  15|0x0000000780f00000, 0x0000000780f00000, 0x0000000781000000|  0%| F|  |TS  0|AC  0|TAMS 0x0000000780f00000, 0x0000000780f00000|
|  16|0x0000000781000000, 0x0000000781000000, 0x0000000781100000|  0%| F|  |TS  0|AC  0|TAMS 0x0000000781000000, 0x0000000781000000|
|  17|0x0000000781100000, 0x0000000781100000, 0x0000000781200000|  0%| F|  |TS  0|AC  0|TAMS 0x0000000781100000, 0x0000000781100000|
|  18|0x0000000781200000, 0x0000000781200000, 0x0000000781300000|  0%| F|  |TS  0|AC  0|TAMS 0x0000000781200000, 0x0000000781200000|
|  19|0x0000000781300000, 0x0000000781300000, 0x0000000781400000|  0%| F|  |TS  0|AC  0|TAMS 0x0000000781300000, 0x0000000781300000|
|  20|0x0000000781400000, 0x0000000781400000, 0x0000000781500000|  0%| F|  |TS  0|AC  0|TAMS 0x0000000781400000, 0x0000000781400000|
|  21|0x0000000781500000, 0x0000000781500000, 0x0000000781600000|  0%| F|  |TS  0|AC  0|TAMS 0x0000000781500000, 0x0000000781500000|
|  22|0x0000000781600000, 0x0000000781600000, 0x0000000781700000|  0%| F|  |TS  0|AC  0|TAMS 0x0000000781600000, 0x0000000781600000|
|  23|0x0000000781700000, 0x0000000781700000, 0x0000000781800000|  0%| F|  |TS  0|AC  0|TAMS 0x0000000781700000, 0x0000000781700000|
|  24|0x0000000781800000, 0x0000000781800000, 0x0000000781900000|  0%| F|  |TS  0|AC  0|TAMS 0x0000000781800000, 0x0000000781800000|
|  25|0x0000000781900000, 0x0000000781900000, 0x0000000781a00000|  0%| F|  |TS  0|AC  0|TAMS 0x0000000781900000, 0x0000000781900000|
|  26|0x0000000781a00000, 0x0000000781a00000, 0x0000000781b00000|  0%| F|  |TS  0|AC  0|TAMS 0x0000000781a00000, 0x0000000781a00000|
|  27|0x0000000781b00000, 0x0000000781b00000, 0x0000000781c00000|  0%| F|  |TS  0|AC  0|TAMS 0x0000000781b00000, 0x0000000781b00000|
|  28|0x0000000781c00000, 0x0000000781c00000, 0x0000000781d00000|  0%| F|  |TS  0|AC  0|TAMS 0x0000000781c00000, 0x0000000781c00000|
|  29|0x0000000781d00000, 0x0000000781d00000, 0x0000000781e00000|  0%| F|  |TS  0|AC  0|TAMS 0x0000000781d00000, 0x0000000781d00000|
|  30|0x0000000781e00000, 0x0000000781e00000, 0x0000000781f00000|  0%| F|  |TS  0|AC  0|TAMS 0x0000000781e00000, 0x0000000781e00000|
|  31|0x0000000781f00000, 0x0000000781f00000, 0x0000000782000000|  0%| F|  |TS  0|AC  0|TAMS 0x0000000781f00000, 0x0000000781f00000|
|  32|0x0000000782000000, 0x0000000782000000, 0x0000000782100000|  0%| F|  |TS  0|AC  0|TAMS 0x0000000782000000, 0x0000000782000000|
|  33|0x0000000782100000, 0x0000000782100000, 0x0000000782200000|  0%| F|  |TS  0|AC  0|TAMS 0x0000000782100000, 0x0000000782100000|
|  34|0x0000000782200000, 0x0000000782200000, 0x0000000782300000|  0%| F|  |TS  0|AC  0|TAMS 0x0000000782200000, 0x0000000782200000|
|  35|0x0000000782300000, 0x0000000782300000, 0x0000000782400000|  0%| F|  |TS  0|AC  0|TAMS 0x0000000782300000, 0x0000000782300000|
|  36|0x0000000782400000, 0x0000000782400000, 0x0000000782500000|  0%| F|  |TS  0|AC  0|TAMS 0x0000000782400000, 0x0000000782400000|
|  37|0x0000000782500000, 0x0000000782500000, 0x0000000782600000|  0%| F|  |TS  0|AC  0|TAMS 0x0000000782500000, 0x0000000782500000|
|  38|0x0000000782600000, 0x0000000782600000, 0x0000000782700000|  0%| F|  |TS  0|AC  0|TAMS 0x0000000782600000, 0x0000000782600000|
|  39|0x0000000782700000, 0x0000000782700000, 0x0000000782800000|  0%| F|  |TS  0|AC  0|TAMS 0x0000000782700000, 0x0000000782700000|
|  40|0x0000000782800000, 0x0000000782800000, 0x0000000782900000|  0%| F|  |TS  0|AC  0|TAMS 0x0000000782800000, 0x0000000782800000|
|  41|0x0000000782900000, 0x0000000782900000, 0x0000000782a00000|  0%| F|  |TS  0|AC  0|TAMS 0x0000000782900000, 0x0000000782900000|
|  42|0x0000000782a00000, 0x0000000782a00000, 0x0000000782b00000|  0%| F|  |TS  0|AC  0|TAMS 0x0000000782a00000, 0x0000000782a00000|
|  43|0x0000000782b00000, 0x0000000782b00000, 0x0000000782c00000|  0%| F|  |TS  0|AC  0|TAMS 0x0000000782b00000, 0x0000000782b00000|
|  44|0x0000000782c00000, 0x0000000782c00000, 0x0000000782d00000|  0%| F|  |TS  0|AC  0|TAMS 0x0000000782c00000, 0x0000000782c00000|
|  45|0x0000000782d00000, 0x0000000782d00000, 0x0000000782e00000|  0%| F|  |TS  0|AC  0|TAMS 0x0000000782d00000, 0x0000000782d00000|
|  46|0x0000000782e00000, 0x0000000782e00000, 0x0000000782f00000|  0%| F|  |TS  0|AC  0|TAMS 0x0000000782e00000, 0x0000000782e00000|
|  47|0x0000000782f00000, 0x0000000782f00000, 0x0000000783000000|  0%| F|  |TS  0|AC  0|TAMS 0x0000000782f00000, 0x0000000782f00000|
|  48|0x0000000783000000, 0x0000000783000000, 0x0000000783100000|  0%| F|  |TS  0|AC  0|TAMS 0x0000000783000000, 0x0000000783000000|
|  49|0x0000000783100000, 0x0000000783100000, 0x0000000783200000|  0%| F|  |TS  0|AC  0|TAMS 0x0000000783100000, 0x0000000783100000|
|  50|0x0000000783200000, 0x0000000783200000, 0x0000000783300000|  0%| F|  |TS  0|AC  0|TAMS 0x0000000783200000, 0x0000000783200000|
|  51|0x0000000783300000, 0x0000000783300000, 0x0000000783400000|  0%| F|  |TS  0|AC  0|TAMS 0x0000000783300000, 0x0000000783300000|
|  52|0x0000000783400000, 0x0000000783400000, 0x0000000783500000|  0%| F|  |TS  0|AC  0|TAMS 0x0000000783400000, 0x0000000783400000|
|  53|0x0000000783500000, 0x0000000783500000, 0x0000000783600000|  0%| F|  |TS  0|AC  0|TAMS 0x0000000783500000, 0x0000000783500000|
|  54|0x0000000783600000, 0x0000000783600000, 0x0000000783700000|  0%| F|  |TS  0|AC  0|TAMS 0x0000000783600000, 0x0000000783600000|
|  55|0x0000000783700000, 0x0000000783700000, 0x0000000783800000|  0%| F|  |TS  0|AC  0|TAMS 0x0000000783700000, 0x0000000783700000|
|  56|0x0000000783800000, 0x0000000783800000, 0x0000000783900000|  0%| F|  |TS  0|AC  0|TAMS 0x0000000783800000, 0x0000000783800000|
|  57|0x0000000783900000, 0x0000000783900000, 0x0000000783a00000|  0%| F|  |TS  0|AC  0|TAMS 0x0000000783900000, 0x0000000783900000|
|  58|0x0000000783a00000, 0x0000000783a00000, 0x0000000783b00000|  0%| F|  |TS  0|AC  0|TAMS 0x0000000783a00000, 0x0000000783a00000|
|  59|0x0000000783b00000, 0x0000000783b00000, 0x0000000783c00000|  0%| F|  |TS  0|AC  0|TAMS 0x0000000783b00000, 0x0000000783b00000|
|  60|0x0000000783c00000, 0x0000000783c00000, 0x0000000783d00000|  0%| F|  |TS  0|AC  0|TAMS 0x0000000783c00000, 0x0000000783c00000|
|  61|0x0000000783d00000, 0x0000000783d8fe20, 0x0000000783e00000| 56%| E|  |TS  0|AC  0|TAMS 0x0000000783d00000, 0x0000000783d00000|
|  62|0x0000000783e00000, 0x0000000783f00000, 0x0000000783f00000|100%| E|CS|TS  0|AC  0|TAMS 0x0000000783e00000, 0x0000000783e00000|
|  63|0x0000000783f00000, 0x0000000784000000, 0x0000000784000000|100%| E|CS|TS  0|AC  0|TAMS 0x0000000783f00000, 0x0000000783f00000|

Card table byte_map: [0x000000012a5dd000,0x000000012a7dd000] byte_map_base: 0x00000001269dd000

Marking Bits (Prev, Next): (CMBitMap*) 0x00007f996b823070, (CMBitMap*) 0x00007f996b8230a8
 Prev Bits: [0x000000012a9dd000, 0x000000012b9dd000)
 Next Bits: [0x000000012b9dd000, 0x000000012c9dd000)

Polling page: 0x000000010ee27000

CodeHeap 'non-profiled nmethods': size=120032Kb used=68Kb max_used=68Kb free=119963Kb
 bounds [0x0000000122ca5000, 0x0000000122f15000, 0x000000012a1dd000]
CodeHeap 'profiled nmethods': size=120032Kb used=334Kb max_used=334Kb free=119697Kb
 bounds [0x000000011b76d000, 0x000000011b9dd000, 0x0000000122ca5000]
CodeHeap 'non-nmethods': size=5696Kb used=1165Kb max_used=1172Kb free=4530Kb
 bounds [0x000000011b1dd000, 0x000000011b44d000, 0x000000011b76d000]
 total_blobs=611 nmethods=246 adapters=223
 compilation: enabled

Compilation events (10 events):
Event: 0.595 Thread 0x00007f996a81b800  243       3       jdk.internal.org.objectweb.asm.Item::isEqualTo (354 bytes)
Event: 0.596 Thread 0x00007f996a81b800 nmethod 243 0x000000011b7bdc10 code [0x000000011b7bde80, 0x000000011b7beba8]
Event: 0.596 Thread 0x00007f996a81b800  242       3       java.lang.invoke.MethodType$ConcurrentWeakInternSet$WeakEntry::<init> (14 bytes)
Event: 0.597 Thread 0x00007f996a81b800 nmethod 242 0x000000011b7bef10 code [0x000000011b7bf100, 0x000000011b7bf5a8]
Event: 0.600 Thread 0x00007f996a81b800  244       3       java.lang.StringBuilder::toString (35 bytes)
Event: 0.601 Thread 0x00007f996a81b800 nmethod 244 0x000000011b7bf710 code [0x000000011b7bf900, 0x000000011b7bfe78]
Event: 3.832 Thread 0x00007f996a81b800  245       3       java.lang.StringBuilder::<init> (7 bytes)
Event: 3.832 Thread 0x00007f996a81b800 nmethod 245 0x000000011b7c0010 code [0x000000011b7c01c0, 0x000000011b7c0368]
Event: 3.832 Thread 0x00007f996a81b800  246       3       java.lang.StringUTF16::putChar (54 bytes)
Event: 3.832 Thread 0x00007f996a81b800 nmethod 246 0x000000011b7c0410 code [0x000000011b7c05c0, 0x000000011b7c0750]

GC Heap History (0 events):
No events

Deoptimization events (1 events):
Event: 0.597 Thread 0x00007f996c003000 Uncommon trap: reason=unstable_if action=reinterpret pc=0x0000000122cb2ca0 method=java.lang.String.charAt(I)C @ 4 c2

Classes redefined (2 events):
Event: 276.679 Thread 0x00007f996a803800 redefined class name=programmers.PlusMinus, count=1
Event: 626.916 Thread 0x00007f996a803800 redefined class name=programmers.PlusMinus, count=2

Internal exceptions (2 events):
Event: 0.520 Thread 0x00007f996c003000 Exception <a 'java/lang/NoSuchMethodError'{0x0000000783d09b80}: java.lang.Object.lambda$negate$3(I)Z> (0x0000000783d09b80) thrown at [/HUDSON/workspace/9-2-build-macosx-x86_64-phase2/jdk9/6725/hotspot/src/share/vm/interpreter/linkResolver.cpp, line 731]
Event: 0.522 Thread 0x00007f996c003000 Exception <a 'java/lang/NoSuchMethodError'{0x0000000783d0cfd8}: java.lang.Object.lambda$and$0(Ljava/util/regex/Pattern$CharPredicate;I)Z> (0x0000000783d0cfd8) thrown at [/HUDSON/workspace/9-2-build-macosx-x86_64-phase2/jdk9/6725/hotspot/src/share/vm/inter

Events (10 events):
Event: 627.006 Executing VM operation: ChangeBreakpoints done
Event: 627.010 Executing VM operation: ChangeBreakpoints
Event: 627.010 Executing VM operation: ChangeBreakpoints done
Event: 627.015 Executing VM operation: ChangeBreakpoints
Event: 627.016 Executing VM operation: ChangeBreakpoints done
Event: 627.017 Executing VM operation: ChangeBreakpoints
Event: 627.018 Executing VM operation: ChangeBreakpoints done
Event: 627.020 Executing VM operation: ChangeBreakpoints
Event: 627.020 Executing VM operation: ChangeBreakpoints done
Event: 627.029 Executing VM operation: GetOrSetLocal


Dynamic libraries:
0x00007fff4bee6000 	/System/Library/Frameworks/Cocoa.framework/Versions/A/Cocoa
0x00007fff5823b000 	/System/Library/Frameworks/Security.framework/Versions/A/Security
0x00007fff4ab87000 	/System/Library/Frameworks/ApplicationServices.framework/Versions/A/ApplicationServices
0x00007fff73a4c000 	/usr/lib/libz.1.dylib
0x00007fff71a6f000 	/usr/lib/libSystem.B.dylib
0x00007fff4c67a000 	/System/Library/Frameworks/CoreFoundation.framework/Versions/A/CoreFoundation
0x00007fff4e78a000 	/System/Library/Frameworks/Foundation.framework/Versions/C/Foundation
0x00007fff7305f000 	/usr/lib/libobjc.A.dylib
0x00007fff49cda000 	/System/Library/Frameworks/AppKit.framework/Versions/C/AppKit
0x00007fff4c25c000 	/System/Library/Frameworks/CoreData.framework/Versions/A/CoreData
0x00007fff6b526000 	/System/Library/PrivateFrameworks/RemoteViewServices.framework/Versions/A/RemoteViewServices
0x00007fff6fb2c000 	/System/Library/PrivateFrameworks/UIFoundation.framework/Versions/A/UIFoundation
0x00007fff606d4000 	/System/Library/PrivateFrameworks/DFRFoundation.framework/Versions/A/DFRFoundation
0x00007fff50bc2000 	/System/Library/Frameworks/Metal.framework/Versions/A/Metal
0x00007fff60876000 	/System/Library/PrivateFrameworks/DesktopServicesPriv.framework/Versions/A/DesktopServicesPriv
0x00007fff72663000 	/usr/lib/libenergytrace.dylib
0x00007fff6dc67000 	/System/Library/PrivateFrameworks/SkyLight.framework/Versions/A/SkyLight
0x00007fff4cb1b000 	/System/Library/Frameworks/CoreGraphics.framework/Versions/A/CoreGraphics
0x00007fff71a6a000 	/usr/lib/libScreenReader.dylib
0x00007fff48caf000 	/System/Library/Frameworks/Accelerate.framework/Versions/A/Accelerate
0x00007fff4eefe000 	/System/Library/Frameworks/IOSurface.framework/Versions/A/IOSurface
0x00007fff4b0d1000 	/System/Library/Frameworks/AudioToolbox.framework/Versions/A/AudioToolbox
0x00007fff4b35c000 	/System/Library/Frameworks/AudioUnit.framework/Versions/A/AudioUnit
0x00007fff60771000 	/System/Library/PrivateFrameworks/DataDetectorsCore.framework/Versions/A/DataDetectorsCore
0x00007fff4b9ef000 	/System/Library/Frameworks/Carbon.framework/Versions/A/Frameworks/HIToolbox.framework/Versions/A/HIToolbox
0x00007fff727bd000 	/usr/lib/libicucore.A.dylib
0x00007fff577c2000 	/System/Library/Frameworks/QuartzCore.framework/Versions/A/QuartzCore
0x00007fff4bdd4000 	/System/Library/Frameworks/Carbon.framework/Versions/A/Frameworks/SpeechRecognition.framework/Versions/A/SpeechRecognition
0x00007fff71bcb000 	/usr/lib/libauto.dylib
0x00007fff7393b000 	/usr/lib/libxml2.2.dylib
0x00007fff60360000 	/System/Library/PrivateFrameworks/CoreUI.framework/Versions/A/CoreUI
0x00007fff4c138000 	/System/Library/Frameworks/CoreAudio.framework/Versions/A/CoreAudio
0x00007fff4e5c4000 	/System/Library/Frameworks/DiskArbitration.framework/Versions/A/DiskArbitration
0x00007fff72a30000 	/usr/lib/liblangid.dylib
0x00007fff67aea000 	/System/Library/PrivateFrameworks/MultitouchSupport.framework/Versions/A/MultitouchSupport
0x00007fff4ee61000 	/System/Library/Frameworks/IOKit.framework/Versions/A/IOKit
0x00007fff71707000 	/usr/lib/libDiagnosticMessagesClient.dylib
0x00007fff4d7b8000 	/System/Library/Frameworks/CoreServices.framework/Versions/A/CoreServices
0x00007fff69539000 	/System/Library/PrivateFrameworks/PerformanceAnalysis.framework/Versions/A/PerformanceAnalysis
0x00007fff56960000 	/System/Library/Frameworks/OpenGL.framework/Versions/A/OpenGL
0x00007fff4bef4000 	/System/Library/Frameworks/ColorSync.framework/Versions/A/ColorSync
0x00007fff4d129000 	/System/Library/Frameworks/CoreImage.framework/Versions/A/CoreImage
0x00007fff4e137000 	/System/Library/Frameworks/CoreText.framework/Versions/A/CoreText
0x00007fff4ef59000 	/System/Library/Frameworks/ImageIO.framework/Versions/A/ImageIO
0x00007fff5cc39000 	/System/Library/PrivateFrameworks/Backup.framework/Versions/A/Backup
0x00007fff71b1b000 	/usr/lib/libarchive.2.dylib
0x00007fff4b672000 	/System/Library/Frameworks/CFNetwork.framework/Versions/A/CFNetwork
0x00007fff589b5000 	/System/Library/Frameworks/SystemConfiguration.framework/Versions/A/SystemConfiguration
0x00007fff71630000 	/usr/lib/libCRFSuite.dylib
0x00007fff71c9b000 	/usr/lib/libc++.1.dylib
0x00007fff71cf2000 	/usr/lib/libc++abi.dylib
0x00007fff73afb000 	/usr/lib/system/libcache.dylib
0x00007fff73b00000 	/usr/lib/system/libcommonCrypto.dylib
0x00007fff73b0b000 	/usr/lib/system/libcompiler_rt.dylib
0x00007fff73b13000 	/usr/lib/system/libcopyfile.dylib
0x00007fff73b1c000 	/usr/lib/system/libcorecrypto.dylib
0x00007fff73c27000 	/usr/lib/system/libdispatch.dylib
0x00007fff73c61000 	/usr/lib/system/libdyld.dylib
0x00007fff73c7f000 	/usr/lib/system/libkeymgr.dylib
0x00007fff73c8d000 	/usr/lib/system/liblaunch.dylib
0x00007fff73c8e000 	/usr/lib/system/libmacho.dylib
0x00007fff73c93000 	/usr/lib/system/libquarantine.dylib
0x00007fff73c96000 	/usr/lib/system/libremovefile.dylib
0x00007fff73c98000 	/usr/lib/system/libsystem_asl.dylib
0x00007fff73cb0000 	/usr/lib/system/libsystem_blocks.dylib
0x00007fff73cb1000 	/usr/lib/system/libsystem_c.dylib
0x00007fff73d3b000 	/usr/lib/system/libsystem_configuration.dylib
0x00007fff73d3f000 	/usr/lib/system/libsystem_coreservices.dylib
0x00007fff73d43000 	/usr/lib/system/libsystem_darwin.dylib
0x00007fff73d45000 	/usr/lib/system/libsystem_dnssd.dylib
0x00007fff73d4c000 	/usr/lib/system/libsystem_info.dylib
0x00007fff73dbc000 	/usr/lib/system/libsystem_m.dylib
0x00007fff73e08000 	/usr/lib/system/libsystem_malloc.dylib
0x00007fff73e28000 	/usr/lib/system/libsystem_network.dylib
0x00007fff73ecc000 	/usr/lib/system/libsystem_networkextension.dylib
0x00007fff73ed7000 	/usr/lib/system/libsystem_notify.dylib
0x00007fff73ef5000 	/usr/lib/system/libsystem_sandbox.dylib
0x00007fff73ef9000 	/usr/lib/system/libsystem_secinit.dylib
0x00007fff73d96000 	/usr/lib/system/libsystem_kernel.dylib
0x00007fff73ee1000 	/usr/lib/system/libsystem_platform.dylib
0x00007fff73ee9000 	/usr/lib/system/libsystem_pthread.dylib
0x00007fff73efb000 	/usr/lib/system/libsystem_symptoms.dylib
0x00007fff73f03000 	/usr/lib/system/libsystem_trace.dylib
0x00007fff73f18000 	/usr/lib/system/libunwind.dylib
0x00007fff73f1e000 	/usr/lib/system/libxpc.dylib
0x00007fff7155e000 	/usr/lib/closure/libclosured.dylib
0x00007fff71c7c000 	/usr/lib/libbsm.0.dylib
0x00007fff73c80000 	/usr/lib/system/libkxld.dylib
0x00007fff71941000 	/usr/lib/libOpenScriptingUtil.dylib
0x00007fff71fe5000 	/usr/lib/libcoretls.dylib
0x00007fff71ffe000 	/usr/lib/libcoretls_cfhelpers.dylib
0x00007fff73460000 	/usr/lib/libpam.2.dylib
0x00007fff73587000 	/usr/lib/libsqlite3.dylib
0x00007fff7392a000 	/usr/lib/libxar.1.dylib
0x00007fff71c8d000 	/usr/lib/libbz2.1.0.dylib
0x00007fff72a32000 	/usr/lib/liblzma.5.dylib
0x00007fff72f13000 	/usr/lib/libnetwork.dylib
0x00007fff71b04000 	/usr/lib/libapple_nghttp2.dylib
0x00007fff73467000 	/usr/lib/libpcap.A.dylib
0x00007fff71bcc000 	/usr/lib/libboringssl.dylib
0x00007fff738ec000 	/usr/lib/libusrtcp.dylib
0x00007fff71b03000 	/usr/lib/libapple_crypto.dylib
0x00007fff4db3b000 	/System/Library/Frameworks/CoreServices.framework/Versions/A/Frameworks/FSEvents.framework/Versions/A/FSEvents
0x00007fff4d82e000 	/System/Library/Frameworks/CoreServices.framework/Versions/A/Frameworks/CarbonCore.framework/Versions/A/CarbonCore
0x00007fff4dcfc000 	/System/Library/Frameworks/CoreServices.framework/Versions/A/Frameworks/Metadata.framework/Versions/A/Metadata
0x00007fff4ddac000 	/System/Library/Frameworks/CoreServices.framework/Versions/A/Frameworks/OSServices.framework/Versions/A/OSServices
0x00007fff4de0a000 	/System/Library/Frameworks/CoreServices.framework/Versions/A/Frameworks/SearchKit.framework/Versions/A/SearchKit
0x00007fff4d7b9000 	/System/Library/Frameworks/CoreServices.framework/Versions/A/Frameworks/AE.framework/Versions/A/AE
0x00007fff4db44000 	/System/Library/Frameworks/CoreServices.framework/Versions/A/Frameworks/LaunchServices.framework/Versions/A/LaunchServices
0x00007fff4db06000 	/System/Library/Frameworks/CoreServices.framework/Versions/A/Frameworks/DictionaryServices.framework/Versions/A/DictionaryServices
0x00007fff4de79000 	/System/Library/Frameworks/CoreServices.framework/Versions/A/Frameworks/SharedFileList.framework/Versions/A/SharedFileList
0x00007fff51d7f000 	/System/Library/Frameworks/NetFS.framework/Versions/A/NetFS
0x00007fff67d76000 	/System/Library/PrivateFrameworks/NetAuth.framework/Versions/A/NetAuth
0x00007fff713f8000 	/System/Library/PrivateFrameworks/login.framework/Versions/A/Frameworks/loginsupport.framework/Versions/A/loginsupport
0x00007fff6f7b3000 	/System/Library/PrivateFrameworks/TCC.framework/Versions/A/TCC
0x00007fff72b13000 	/usr/lib/libmecabra.dylib
0x00007fff4ab88000 	/System/Library/Frameworks/ApplicationServices.framework/Versions/A/Frameworks/ATS.framework/Versions/A/ATS
0x00007fff4af36000 	/System/Library/Frameworks/ApplicationServices.framework/Versions/A/Frameworks/ColorSyncLegacy.framework/Versions/A/ColorSyncLegacy
0x00007fff4afda000 	/System/Library/Frameworks/ApplicationServices.framework/Versions/A/Frameworks/HIServices.framework/Versions/A/HIServices
0x00007fff4b02d000 	/System/Library/Frameworks/ApplicationServices.framework/Versions/A/Frameworks/LangAnalysis.framework/Versions/A/LangAnalysis
0x00007fff4b03c000 	/System/Library/Frameworks/ApplicationServices.framework/Versions/A/Frameworks/PrintCore.framework/Versions/A/PrintCore
0x00007fff4b089000 	/System/Library/Frameworks/ApplicationServices.framework/Versions/A/Frameworks/QD.framework/Versions/A/QD
0x00007fff4b0c4000 	/System/Library/Frameworks/ApplicationServices.framework/Versions/A/Frameworks/SpeechSynthesis.framework/Versions/A/SpeechSynthesis
0x00007fff4c5ae000 	/System/Library/Frameworks/CoreDisplay.framework/Versions/A/CoreDisplay
0x00007fff48cc7000 	/System/Library/Frameworks/Accelerate.framework/Versions/A/Frameworks/vImage.framework/Versions/A/vImage
0x00007fff499f0000 	/System/Library/Frameworks/Accelerate.framework/Versions/A/Frameworks/vecLib.framework/Versions/A/vecLib
0x00007fff4979f000 	/System/Library/Frameworks/Accelerate.framework/Versions/A/Frameworks/vecLib.framework/Versions/A/libvDSP.dylib
0x00007fff49321000 	/System/Library/Frameworks/Accelerate.framework/Versions/A/Frameworks/vecLib.framework/Versions/A/libBNNS.dylib
0x00007fff49726000 	/System/Library/Frameworks/Accelerate.framework/Versions/A/Frameworks/vecLib.framework/Versions/A/libQuadrature.dylib
0x00007fff4993f000 	/System/Library/Frameworks/Accelerate.framework/Versions/A/Frameworks/vecLib.framework/Versions/A/libvMisc.dylib
0x00007fff4934f000 	/System/Library/Frameworks/Accelerate.framework/Versions/A/Frameworks/vecLib.framework/Versions/A/libLAPACK.dylib
0x00007fff491c6000 	/System/Library/Frameworks/Accelerate.framework/Versions/A/Frameworks/vecLib.framework/Versions/A/libBLAS.dylib
0x00007fff49710000 	/System/Library/Frameworks/Accelerate.framework/Versions/A/Frameworks/vecLib.framework/Versions/A/libLinearAlgebra.dylib
0x00007fff4972c000 	/System/Library/Frameworks/Accelerate.framework/Versions/A/Frameworks/vecLib.framework/Versions/A/libSparse.dylib
0x00007fff4978b000 	/System/Library/Frameworks/Accelerate.framework/Versions/A/Frameworks/vecLib.framework/Versions/A/libSparseBLAS.dylib
0x00007fff664bc000 	/System/Library/PrivateFrameworks/IOAccelerator.framework/Versions/A/IOAccelerator
0x00007fff664c7000 	/System/Library/PrivateFrameworks/IOPresentment.framework/Versions/A/IOPresentment
0x00007fff606e6000 	/System/Library/PrivateFrameworks/DSExternalDisplay.framework/Versions/A/DSExternalDisplay
0x00007fff55de3000 	/System/Library/Frameworks/OpenGL.framework/Versions/A/Libraries/libCoreFSCache.dylib
0x00007fff4e285000 	/System/Library/Frameworks/CoreVideo.framework/Versions/A/CoreVideo
0x00007fff65b21000 	/System/Library/PrivateFrameworks/GraphVisualizer.framework/Versions/A/GraphVisualizer
0x00007fff50d74000 	/System/Library/Frameworks/MetalPerformanceShaders.framework/Versions/A/MetalPerformanceShaders
0x00007fff7173f000 	/usr/lib/libFosl_dynamic.dylib
0x00007fff616f3000 	/System/Library/PrivateFrameworks/FaceCore.framework/Versions/A/FaceCore
0x00007fff54beb000 	/System/Library/Frameworks/OpenCL.framework/Versions/A/OpenCL
0x00007fff71d29000 	/usr/lib/libcompression.dylib
0x00007fff4ac87000 	/System/Library/Frameworks/ApplicationServices.framework/Versions/A/Frameworks/ATS.framework/Versions/A/Resources/libFontParser.dylib
0x00007fff4adaa000 	/System/Library/Frameworks/ApplicationServices.framework/Versions/A/Frameworks/ATS.framework/Versions/A/Resources/libFontRegistry.dylib
0x00007fff4f1b9000 	/System/Library/Frameworks/ImageIO.framework/Versions/A/Resources/libJPEG.dylib
0x00007fff4f4e2000 	/System/Library/Frameworks/ImageIO.framework/Versions/A/Resources/libTIFF.dylib
0x00007fff4f4b8000 	/System/Library/Frameworks/ImageIO.framework/Versions/A/Resources/libPng.dylib
0x00007fff4f0cc000 	/System/Library/Frameworks/ImageIO.framework/Versions/A/Resources/libGIF.dylib
0x00007fff4f0d1000 	/System/Library/Frameworks/ImageIO.framework/Versions/A/Resources/libJP2.dylib
0x00007fff4f4df000 	/System/Library/Frameworks/ImageIO.framework/Versions/A/Resources/libRadiance.dylib
0x00007fff5c3c7000 	/System/Library/PrivateFrameworks/AppleJPEG.framework/Versions/A/AppleJPEG
0x00007fff6786e000 	/System/Library/PrivateFrameworks/MetalTools.framework/Versions/A/MetalTools
0x00007fff50c5c000 	/System/Library/Frameworks/MetalPerformanceShaders.framework/Frameworks/MPSCore.framework/Versions/A/MPSCore
0x00007fff50c72000 	/System/Library/Frameworks/MetalPerformanceShaders.framework/Frameworks/MPSImage.framework/Versions/A/MPSImage
0x00007fff50cdd000 	/System/Library/Frameworks/MetalPerformanceShaders.framework/Frameworks/MPSMatrix.framework/Versions/A/MPSMatrix
0x00007fff50cfd000 	/System/Library/Frameworks/MetalPerformanceShaders.framework/Frameworks/MPSNeuralNetwork.framework/Versions/A/MPSNeuralNetwork
0x00007fff55faa000 	/System/Library/Frameworks/OpenGL.framework/Versions/A/Libraries/libGLU.dylib
0x00007fff55dec000 	/System/Library/Frameworks/OpenGL.framework/Versions/A/Libraries/libGFXShared.dylib
0x00007fff55df5000 	/System/Library/Frameworks/OpenGL.framework/Versions/A/Libraries/libGL.dylib
0x00007fff55e01000 	/System/Library/Frameworks/OpenGL.framework/Versions/A/Libraries/libGLImage.dylib
0x00007fff55de0000 	/System/Library/Frameworks/OpenGL.framework/Versions/A/Libraries/libCVMSPluginSupport.dylib
0x00007fff55de7000 	/System/Library/Frameworks/OpenGL.framework/Versions/A/Libraries/libCoreVMClient.dylib
0x00007fff724cf000 	/usr/lib/libcups.2.dylib
0x00007fff50266000 	/System/Library/Frameworks/Kerberos.framework/Versions/A/Kerberos
0x00007fff4ebbd000 	/System/Library/Frameworks/GSS.framework/Versions/A/GSS
0x00007fff7351b000 	/usr/lib/libresolv.9.dylib
0x00007fff726cb000 	/usr/lib/libiconv.2.dylib
0x00007fff65ba8000 	/System/Library/PrivateFrameworks/Heimdal.framework/Versions/A/Heimdal
0x00007fff7269a000 	/usr/lib/libheimdal-asn1.dylib
0x00007fff54c56000 	/System/Library/Frameworks/OpenDirectory.framework/Versions/A/OpenDirectory
0x00007fff5e616000 	/System/Library/PrivateFrameworks/CommonAuth.framework/Versions/A/CommonAuth
0x00007fff54c39000 	/System/Library/Frameworks/OpenDirectory.framework/Versions/A/Frameworks/CFOpenDirectory.framework/Versions/A/CFOpenDirectory
0x00007fff58556000 	/System/Library/Frameworks/SecurityFoundation.framework/Versions/A/SecurityFoundation
0x00007fff5b5e9000 	/System/Library/PrivateFrameworks/APFS.framework/Versions/A/APFS
0x00007fff73926000 	/usr/lib/libutil.dylib
0x00007fff5c44a000 	/System/Library/PrivateFrameworks/AppleSauce.framework/Versions/A/AppleSauce
0x00007fff66c8e000 	/System/Library/PrivateFrameworks/LinguisticData.framework/Versions/A/LinguisticData
0x00007fff72a4c000 	/usr/lib/libmarisa.dylib
0x00007fff66c48000 	/System/Library/PrivateFrameworks/Lexicon.framework/Versions/A/Lexicon
0x00007fff7166a000 	/usr/lib/libChineseTokenizer.dylib
0x00007fff71d18000 	/usr/lib/libcmph.dylib
0x00007fff66b52000 	/System/Library/PrivateFrameworks/LanguageModeling.framework/Versions/A/LanguageModeling
0x00007fff5f023000 	/System/Library/PrivateFrameworks/CoreEmoji.framework/Versions/A/CoreEmoji
0x00007fff5860e000 	/System/Library/Frameworks/ServiceManagement.framework/Versions/A/ServiceManagement
0x00007fff5cc31000 	/System/Library/PrivateFrameworks/BackgroundTaskManagement.framework/Versions/A/BackgroundTaskManagement
0x00007fff73a23000 	/usr/lib/libxslt.1.dylib
0x00007fff4bcfe000 	/System/Library/Frameworks/Carbon.framework/Versions/A/Frameworks/Ink.framework/Versions/A/Ink
0x00007fff6f9c0000 	/System/Library/PrivateFrameworks/TextureIO.framework/Versions/A/TextureIO
0x00007fff71b46000 	/usr/lib/libate.dylib
0x00007fff60648000 	/System/Library/PrivateFrameworks/CrashReporterSupport.framework/Versions/A/CrashReporterSupport
0x00007fff6ce4a000 	/System/Library/PrivateFrameworks/Sharing.framework/Versions/A/Sharing
0x00007fff6689c000 	/System/Library/PrivateFrameworks/IconServices.framework/Versions/A/IconServices
0x00007fff6b338000 	/System/Library/PrivateFrameworks/ProtocolBuffer.framework/Versions/A/ProtocolBuffer
0x00007fff5c254000 	/System/Library/PrivateFrameworks/Apple80211.framework/Versions/A/Apple80211
0x00007fff4e2c0000 	/System/Library/Frameworks/CoreWLAN.framework/Versions/A/CoreWLAN
0x00007fff60495000 	/System/Library/PrivateFrameworks/CoreUtils.framework/Versions/A/CoreUtils
0x00007fff4ecfe000 	/System/Library/Frameworks/IOBluetooth.framework/Versions/A/IOBluetooth
0x00007fff605e3000 	/System/Library/PrivateFrameworks/CoreWiFi.framework/Versions/A/CoreWiFi
0x00007fff4c232000 	/System/Library/Frameworks/CoreBluetooth.framework/Versions/A/CoreBluetooth
0x00007fff6cf6d000 	/System/Library/PrivateFrameworks/SignpostNotification.framework/Versions/A/SignpostNotification
0x00007fff60835000 	/System/Library/PrivateFrameworks/DebugSymbols.framework/Versions/A/DebugSymbols
0x00007fff6024c000 	/System/Library/PrivateFrameworks/CoreSymbolication.framework/Versions/A/CoreSymbolication
0x00007fff6f244000 	/System/Library/PrivateFrameworks/Symbolication.framework/Versions/A/Symbolication
0x00007fff5c27e000 	/System/Library/PrivateFrameworks/AppleFSCompression.framework/Versions/A/AppleFSCompression
0x00007fff6e6ab000 	/System/Library/PrivateFrameworks/SpeechRecognitionCore.framework/Versions/A/SpeechRecognitionCore
0x000000010fe00000 	/Library/Java/JavaVirtualMachines/jdk-9.jdk/Contents/Home/lib/server/libjvm.dylib
0x00007fff7381e000 	/usr/lib/libstdc++.6.0.9.dylib
0x000000010ede5000 	/Library/Java/JavaVirtualMachines/jdk-9.jdk/Contents/Home/lib/libverify.dylib
0x000000010edf2000 	/Library/Java/JavaVirtualMachines/jdk-9.jdk/Contents/Home/lib/libjava.dylib
0x000000010ee28000 	/Library/Java/JavaVirtualMachines/jdk-9.jdk/Contents/Home/lib/libjdwp.dylib
0x000000010eead000 	/Library/Java/JavaVirtualMachines/jdk-9.jdk/Contents/Home/lib/libzip.dylib
0x000000010eeb5000 	/Library/Java/JavaVirtualMachines/jdk-9.jdk/Contents/Home/lib/libjimage.dylib
0x000000010f5d3000 	/Library/Java/JavaVirtualMachines/jdk-9.jdk/Contents/Home/lib/libnio.dylib
0x000000010f5e3000 	/Library/Java/JavaVirtualMachines/jdk-9.jdk/Contents/Home/lib/./libnet.dylib
0x000000010f5fa000 	/Library/Java/JavaVirtualMachines/jdk-9.jdk/Contents/Home/lib/libdt_socket.dylib

VM Arguments:
jvm_args: -agentlib:jdwp=transport=dt_socket,address=127.0.0.1:50541,suspend=y,server=n -Dfile.encoding=UTF-8 
java_command: programmers.PlusMinus
java_class_path (initial): /Users/soovin/IdeaProjects/PS/out/production/PS:/Applications/IntelliJ IDEA.app/Contents/lib/idea_rt.jar
Launcher Type: SUN_STANDARD

Logging:
Log output configuration:
#0: stdout all=warning uptime,level,tags
#1: stderr all=off uptime,level,tags

Environment Variables:
PATH=/usr/local/bin:/usr/bin:/bin:/usr/sbin:/sbin:/usr/local/bin/
SHELL=/bin/bash

Signal Handlers:
SIGSEGV: [libjvm.dylib+0x73ea4c], sa_mask[0]=11111111011111110111111111111111, sa_flags=SA_ONSTACK|SA_RESTART|SA_SIGINFO
SIGBUS: [libjvm.dylib+0x73ea4c], sa_mask[0]=11111111011111110111111111111111, sa_flags=SA_RESTART|SA_SIGINFO
SIGFPE: [libjvm.dylib+0x73ea4c], sa_mask[0]=11111111011111110111111111111111, sa_flags=SA_RESTART|SA_SIGINFO
SIGPIPE: [libjvm.dylib+0x5f1d1c], sa_mask[0]=11111111011111110111111111111111, sa_flags=SA_RESTART|SA_SIGINFO
SIGXFSZ: [libjvm.dylib+0x5f1d1c], sa_mask[0]=11111111011111110111111111111111, sa_flags=SA_RESTART|SA_SIGINFO
SIGILL: [libjvm.dylib+0x73ea4c], sa_mask[0]=11111111011111110111111111111111, sa_flags=SA_RESTART|SA_SIGINFO
SIGUSR2: [libjvm.dylib+0x5f25ac], sa_mask[0]=00100000000000000000000000000000, sa_flags=SA_RESTART|SA_SIGINFO
SIGHUP: [libjvm.dylib+0x5f0de9], sa_mask[0]=11111111011111110111111111111111, sa_flags=SA_RESTART|SA_SIGINFO
SIGINT: [libjvm.dylib+0x5f0de9], sa_mask[0]=11111111011111110111111111111111, sa_flags=SA_RESTART|SA_SIGINFO
SIGTERM: [libjvm.dylib+0x5f0de9], sa_mask[0]=11111111011111110111111111111111, sa_flags=SA_RESTART|SA_SIGINFO
SIGQUIT: [libjvm.dylib+0x5f0de9], sa_mask[0]=11111111011111110111111111111111, sa_flags=SA_RESTART|SA_SIGINFO


---------------  S Y S T E M  ---------------

OS:uname:Darwin 17.0.0 Darwin Kernel Version 17.0.0: Thu Aug 24 21:48:19 PDT 2017; root:xnu-4570.1.46~2/RELEASE_X86_64 x86_64
rlimit: STACK 8192k, CORE 0k, NPROC 709, NOFILE 10240, AS infinity
load average:4.89 4.94 3.97

CPU:total 4 (initial active 4) (2 cores per cpu, 2 threads per core) family 6 model 61 stepping 4, cmov, cx8, fxsr, mmx, sse, sse2, sse3, ssse3, sse4.1, sse4.2, popcnt, avx, avx2, aes, clmul, erms, 3dnowpref, lzcnt, ht, tsc, tscinvbit, bmi1, bmi2, adx, fma

Memory: 4k page, physical 4194304k(8692k free)

vm_info: Java HotSpot(TM) 64-Bit Server VM (9+181) for bsd-amd64 JRE (9+181), built on Aug  2 2017 21:10:28 by "javare" with gcc 4.2.1 Compatible Apple LLVM 6.1.0 (clang-602.0.49)

END.
